2021-11-20 12:44:57 INFO  JdbcDdlExample:35 - 
=======CREATE tutorialDb DATABASE=======
2021-11-20 12:44:57 INFO  JdbcDdlExample:37 - 
=======DATABASE IS SUCCESSFULLY CREATED=======

2021-11-20 12:44:57 INFO  JdbcDdlExample:39 - 
=======USING tutorialDb DATABASE=======

2021-11-20 12:44:57 INFO  JdbcDdlExample:43 - 
=======CREATE employee TABLE=======
2021-11-20 12:44:57 INFO  JdbcDdlExample:45 - 
=======TABLE IS SUCCESSFULLY CREATED=======

2021-11-20 12:44:57 INFO  JdbcDdlExample:47 - 
=======SHOW TABLE STRUCTURE=======
2021-11-20 12:44:57 INFO  JdbcDdlExample:111 - employee Columns Are?= (emp_id, emp_fname, emp_lname)

2021-11-20 12:44:57 INFO  JdbcDdlExample:51 - 
=======ALTER employee TABLE=======
2021-11-20 12:44:57 INFO  JdbcDdlExample:53 - 
=======TABLE IS SUCCESSFULLY ALTERED=======

2021-11-20 12:44:57 INFO  JdbcDdlExample:55 - 
=======SHOW TABLE STRUCTURE=======
2021-11-20 12:44:57 INFO  JdbcDdlExample:111 - employee Columns Are?= (emp_id, emp_fname, emp_lname, emp_joining_date)

2021-11-20 12:44:57 INFO  JdbcDdlExample:59 - 
=======ALTER employee TABLE WITH AFTER CLAUSE=======
2021-11-20 12:44:57 INFO  JdbcDdlExample:61 - 
=======TABLE IS SUCCESSFULLY ALTERED=======

2021-11-20 12:44:57 INFO  JdbcDdlExample:63 - 
=======SHOW TABLE STRUCTURE=======
2021-11-20 12:44:57 INFO  JdbcDdlExample:111 - employee Columns Are?= (emp_id, emp_fname, emp_lname, emp_dob, emp_joining_date)

2021-11-20 12:44:57 INFO  JdbcDdlExample:67 - 
=======DROP COLUMN=======
2021-11-20 12:44:57 INFO  JdbcDdlExample:69 - 
=======COLUMN IS SUCCESSFULLY DROPPED FROM THE TABLE=======

2021-11-20 12:44:57 INFO  JdbcDdlExample:71 - 
=======SHOW TABLE STRUCTURE=======
2021-11-20 12:44:57 INFO  JdbcDdlExample:111 - employee Columns Are?= (emp_id, emp_fname, emp_dob, emp_joining_date)

2021-11-20 12:44:57 INFO  JdbcDdlExample:75 - 
=======DROP TABLE=======
2021-11-20 12:44:57 INFO  JdbcDdlExample:77 - 
=======TABLE IS SUCCESSFULLY DROPPED FROM THE DATABASE=======

2021-11-20 12:44:57 INFO  JdbcDdlExample:80 - 
=======DROP DATABASE=======
2021-11-20 12:44:57 INFO  JdbcDdlExample:82 - 
=======DATABASE IS SUCCESSFULLY DROPPED=======
